C:\SYSTEMC-2.3.1A\DYNOC_2012\DYNOC_2012\DEBUG\OUTPUT.OBJ
C:\SYSTEMC-2.3.1A\DYNOC_2012\DYNOC_2012\DEBUG\TBUFFER.OBJ
C:\SYSTEMC-2.3.1A\DYNOC_2012\DYNOC_2012\DEBUG\TGLOBALROUTINGTABLE.OBJ
C:\SYSTEMC-2.3.1A\DYNOC_2012\DYNOC_2012\DEBUG\TGLOBALTRAFFICTABLE.OBJ
C:\SYSTEMC-2.3.1A\DYNOC_2012\DYNOC_2012\DEBUG\TLOCALROUTINGTABLE.OBJ
C:\SYSTEMC-2.3.1A\DYNOC_2012\DYNOC_2012\DEBUG\TPOWER.OBJ
C:\SYSTEMC-2.3.1A\DYNOC_2012\DYNOC_2012\DEBUG\TPROCESSINGELEMENT.OBJ
C:\SYSTEMC-2.3.1A\DYNOC_2012\DYNOC_2012\DEBUG\TRESERVATIONTABLE.OBJ
C:\SYSTEMC-2.3.1A\DYNOC_2012\DYNOC_2012\DEBUG\VC110.PDB
C:\SYSTEMC-2.3.1A\DYNOC_2012\DYNOC_2012\DEBUG\TSTATS.OBJ
C:\SYSTEMC-2.3.1A\DYNOC_2012\DYNOC_2012\DEBUG\TROUTER.OBJ
C:\SYSTEMC-2.3.1A\DYNOC_2012\DYNOC_2012\DEBUG\TGLOBALSTATS.OBJ
C:\SYSTEMC-2.3.1A\DYNOC_2012\DYNOC_2012\DEBUG\TNOC.OBJ
C:\SYSTEMC-2.3.1A\DYNOC_2012\DYNOC_2012\DEBUG\MAIN.OBJ
C:\SYSTEMC-2.3.1A\DYNOC_2012\DEBUG\DYNOC_2012.ILK
C:\SYSTEMC-2.3.1A\DYNOC_2012\DEBUG\DYNOC_2012.EXE
C:\SYSTEMC-2.3.1A\DYNOC_2012\DEBUG\DYNOC_2012.PDB
C:\systemc-2.3.1a\dynoc_2012\dynoc_2012\Debug\main.obj
C:\systemc-2.3.1a\dynoc_2012\dynoc_2012\Debug\Output.obj
C:\systemc-2.3.1a\dynoc_2012\dynoc_2012\Debug\TBuffer.obj
C:\systemc-2.3.1a\dynoc_2012\dynoc_2012\Debug\TGlobalRoutingTable.obj
C:\systemc-2.3.1a\dynoc_2012\dynoc_2012\Debug\TGlobalStats.obj
C:\systemc-2.3.1a\dynoc_2012\dynoc_2012\Debug\TGlobalTrafficTable.obj
C:\systemc-2.3.1a\dynoc_2012\dynoc_2012\Debug\TLocalRoutingTable.obj
C:\systemc-2.3.1a\dynoc_2012\dynoc_2012\Debug\TNoC.obj
C:\systemc-2.3.1a\dynoc_2012\dynoc_2012\Debug\TPower.obj
C:\systemc-2.3.1a\dynoc_2012\dynoc_2012\Debug\TProcessingElement.obj
C:\systemc-2.3.1a\dynoc_2012\dynoc_2012\Debug\TReservationTable.obj
C:\systemc-2.3.1a\dynoc_2012\dynoc_2012\Debug\TRouter.obj
C:\systemc-2.3.1a\dynoc_2012\dynoc_2012\Debug\TStats.obj
C:\systemc-2.3.1a\dynoc_2012\dynoc_2012\Debug\cl.command.1.tlog
C:\systemc-2.3.1a\dynoc_2012\dynoc_2012\Debug\CL.read.1.tlog
C:\systemc-2.3.1a\dynoc_2012\dynoc_2012\Debug\CL.write.1.tlog
C:\systemc-2.3.1a\dynoc_2012\dynoc_2012\Debug\link-cvtres.read.1.tlog
C:\systemc-2.3.1a\dynoc_2012\dynoc_2012\Debug\link-cvtres.write.1.tlog
C:\systemc-2.3.1a\dynoc_2012\dynoc_2012\Debug\link-rc.read.1.tlog
C:\systemc-2.3.1a\dynoc_2012\dynoc_2012\Debug\link-rc.write.1.tlog
C:\systemc-2.3.1a\dynoc_2012\dynoc_2012\Debug\link.command.1.tlog
C:\systemc-2.3.1a\dynoc_2012\dynoc_2012\Debug\link.read.1.tlog
C:\systemc-2.3.1a\dynoc_2012\dynoc_2012\Debug\link.write.1.tlog
C:\systemc-2.3.1a\dynoc_2012\dynoc_2012\Debug\vc110.idb
C:\systemc-2.3.1a\dynoc_2012\dynoc_2012\Debug\vc110.pdb
C:\systemc-2.3.1a\dynoc_2012\Debug\dynoc_2012.pdb
C:\systemc-2.3.1a\dynoc_2012\Debug\dynoc_2012.exe
C:\systemc-2.3.1a\dynoc_2012\Debug\dynoc_2012.ilk
