Build started 2017/07/31 2:12:31 PM.
     1>Project "C:\systemc-2.3.1a\dynoc_2012\dynoc_2012\dynoc_2012.vcxproj" on node 2 (Build target(s)).
     1>ClCompile:
         C:\Program Files (x86)\Microsoft Visual Studio 11.0\VC\bin\CL.exe /c /ZI /nologo /W3 /WX- /Od /Oy- /D WIN32 /D _DEBUG /D _CONSOLE /D _UNICODE /D UNICODE /Gm /EHsc /RTC1 /MTd /GS /fp:precise /Zc:wchar_t /Zc:forScope /Fo"Debug\\" /Fd"Debug\vc110.pdb" /Gd /TP /analyze- /errorReport:prompt /vmg TGlobalStats.cpp
         TGlobalStats.cpp
     1>c:\systemc-2.3.1a\systemc-2.3.1a\src\sysc\datatypes\int\sc_nbutils.h(151): warning C4996: 'sprintf': This function or variable may be unsafe. Consider using sprintf_s instead. To disable deprecation, use _CRT_SECURE_NO_WARNINGS. See online help for details.
                 c:\program files (x86)\microsoft visual studio 11.0\vc\include\stdio.h(357) : see declaration of 'sprintf'
       Link:
         C:\Program Files (x86)\Microsoft Visual Studio 11.0\VC\bin\link.exe /ERRORREPORT:PROMPT /OUT:"C:\systemc-2.3.1a\dynoc_2012\Debug\dynoc_2012.exe" /INCREMENTAL /NOLOGO /LIBPATH:"C:\systemc-2.3.1a\systemc-2.3.1a\msvc80\SystemC\Debug" systemc.lib kernel32.lib user32.lib gdi32.lib winspool.lib comdlg32.lib advapi32.lib shell32.lib ole32.lib oleaut32.lib uuid.lib odbc32.lib odbccp32.lib /MANIFEST /MANIFESTUAC:"level='asInvoker' uiAccess='false'" /manifest:embed /DEBUG /PDB:"C:\systemc-2.3.1a\dynoc_2012\Debug\dynoc_2012.pdb" /SUBSYSTEM:CONSOLE /TLBID:1 /DYNAMICBASE /NXCOMPAT /IMPLIB:"C:\systemc-2.3.1a\dynoc_2012\Debug\dynoc_2012.lib" /MACHINE:X86 Debug\main.obj
         Debug\Output.obj
         Debug\TBuffer.obj
         Debug\TGlobalRoutingTable.obj
         Debug\TGlobalStats.obj
         Debug\TGlobalTrafficTable.obj
         Debug\TLocalRoutingTable.obj
         Debug\TNoC.obj
         Debug\TPower.obj
         Debug\TProcessingElement.obj
         Debug\TReservationTable.obj
         Debug\TRouter.obj
         Debug\TStats.obj
         dynoc_2012.vcxproj -> C:\systemc-2.3.1a\dynoc_2012\Debug\dynoc_2012.exe
     1>Done Building Project "C:\systemc-2.3.1a\dynoc_2012\dynoc_2012\dynoc_2012.vcxproj" (Build target(s)).

Build succeeded.

Time Elapsed 00:00:02.89
